0 info it worked if it ends with ok
1 verbose cli [ '/home/alexis/.nvm/versions/node/v4.4.2/bin/node',
1 verbose cli   '/home/alexis/.nvm/versions/node/v4.4.2/bin/npm',
1 verbose cli   'run',
1 verbose cli   'lint' ]
2 info using npm@3.10.8
3 info using node@v4.4.2
4 verbose run-script [ 'prelint', 'lint', 'postlint' ]
5 info lifecycle alsid@1.0.0~prelint: alsid@1.0.0
6 silly lifecycle alsid@1.0.0~prelint: no script for prelint, continuing
7 info lifecycle alsid@1.0.0~lint: alsid@1.0.0
8 verbose lifecycle alsid@1.0.0~lint: unsafe-perm in lifecycle true
9 verbose lifecycle alsid@1.0.0~lint: PATH: /home/alexis/.nvm/versions/node/v4.4.2/lib/node_modules/npm/bin/node-gyp-bin:/home/alexis/workspace/alsid/node_modules/.bin:/home/alexis/google-cloud-sdk/bin:/home/alexis/.nvm/versions/node/v4.4.2/bin:/home/alexis/google-cloud-sdk/bin:/usr/local/sbin:/usr/local/bin:/usr/sbin:/usr/bin:/sbin:/bin:/usr/games:/usr/local/games:/home/alexis/.bin:/home/alexis/apps/flutter/bin:/home/alexis/apps/android-studio/bin:/home/alexis/apps/idea-IC-171.4694.23/bin:/home/alexis/apps/jdk1.7.0_79/bin:/home/alexis/.bin:/home/alexis/apps/flutter/bin:/home/alexis/apps/android-studio/bin:/home/alexis/apps/idea-IC-171.4694.23/bin:/home/alexis/apps/jdk1.7.0_79/bin
10 verbose lifecycle alsid@1.0.0~lint: CWD: /home/alexis/workspace/alsid
11 silly lifecycle alsid@1.0.0~lint: Args: [ '-c', 'eslint .' ]
12 silly lifecycle alsid@1.0.0~lint: Returned: code: 1  signal: null
13 info lifecycle alsid@1.0.0~lint: Failed to exec lint script
14 verbose stack Error: alsid@1.0.0 lint: `eslint .`
14 verbose stack Exit status 1
14 verbose stack     at EventEmitter.<anonymous> (/home/alexis/.nvm/versions/node/v4.4.2/lib/node_modules/npm/lib/utils/lifecycle.js:255:16)
14 verbose stack     at emitTwo (events.js:87:13)
14 verbose stack     at EventEmitter.emit (events.js:172:7)
14 verbose stack     at ChildProcess.<anonymous> (/home/alexis/.nvm/versions/node/v4.4.2/lib/node_modules/npm/lib/utils/spawn.js:40:14)
14 verbose stack     at emitTwo (events.js:87:13)
14 verbose stack     at ChildProcess.emit (events.js:172:7)
14 verbose stack     at maybeClose (internal/child_process.js:827:16)
14 verbose stack     at Process.ChildProcess._handle.onexit (internal/child_process.js:211:5)
15 verbose pkgid alsid@1.0.0
16 verbose cwd /home/alexis/workspace/alsid
17 error Linux 3.13.0-24-generic
18 error argv "/home/alexis/.nvm/versions/node/v4.4.2/bin/node" "/home/alexis/.nvm/versions/node/v4.4.2/bin/npm" "run" "lint"
19 error node v4.4.2
20 error npm  v3.10.8
21 error code ELIFECYCLE
22 error alsid@1.0.0 lint: `eslint .`
22 error Exit status 1
23 error Failed at the alsid@1.0.0 lint script 'eslint .'.
23 error Make sure you have the latest version of node.js and npm installed.
23 error If you do, this is most likely a problem with the alsid package,
23 error not with npm itself.
23 error Tell the author that this fails on your system:
23 error     eslint .
23 error You can get information on how to open an issue for this project with:
23 error     npm bugs alsid
23 error Or if that isn't available, you can get their info via:
23 error     npm owner ls alsid
23 error There is likely additional logging output above.
24 verbose exit [ 1, true ]
